SF:C:\Programming\Ogmas\src\Ogmas\Program.cs
FN:15,System.Void Ogmas.Program::Main(System.String[])
FNDA:0,System.Void Ogmas.Program::Main(System.String[])
DA:16,0
DA:17,0
FN:19,Microsoft.Extensions.Hosting.IHostBuilder Ogmas.Program::CreateHostBuilder(System.String[])
FNDA:0,Microsoft.Extensions.Hosting.IHostBuilder Ogmas.Program::CreateHostBuilder(System.String[])
DA:20,0
DA:21,0
DA:22,0
DA:23,0
DA:24,0
LF:7
LH:0
BRF:0
BRH:0
FNF:2
FNH:0
end_of_record
SF:C:\Programming\Ogmas\src\Ogmas\Startup.cs
FN:17,Microsoft.Extensions.Configuration.IConfiguration Ogmas.Startup::get_Configuration()
FNDA:0,Microsoft.Extensions.Configuration.IConfiguration Ogmas.Startup::get_Configuration()
DA:18,0
FN:23,System.Void Ogmas.Startup::ConfigureServices(Microsoft.Extensions.DependencyInjection.IServiceCollection)
FNDA:0,System.Void Ogmas.Startup::ConfigureServices(Microsoft.Extensions.DependencyInjection.IServiceCollection)
DA:24,0
DA:27,0
DA:28,0
DA:29,0
DA:30,0
DA:31,0
FN:35,System.Void Ogmas.Startup::Configure(Microsoft.AspNetCore.Builder.IApplicationBuilder,Microsoft.AspNetCore.Hosting.IWebHostEnvironment)
FNDA:0,System.Void Ogmas.Startup::Configure(Microsoft.AspNetCore.Builder.IApplicationBuilder,Microsoft.AspNetCore.Hosting.IWebHostEnvironment)
DA:36,0
DA:38,0
DA:42,0
DA:44,0
DA:47,0
DA:48,0
DA:49,0
DA:51,0
DA:53,0
DA:54,0
DA:55,0
DA:56,0
DA:57,0
DA:58,0
DA:60,0
DA:61,0
DA:62,0
DA:63,0
DA:64,0
DA:65,0
DA:66,0
DA:67,0
DA:68,0
DA:69,0
BRDA:36,24,0,0
BRDA:36,24,1,0
BRDA:64,27,0,0
BRDA:64,27,1,0
FN:12,System.Void Ogmas.Startup::.ctor(Microsoft.Extensions.Configuration.IConfiguration)
FNDA:0,System.Void Ogmas.Startup::.ctor(Microsoft.Extensions.Configuration.IConfiguration)
DA:13,0
DA:15,0
DA:16,0
LF:34
LH:0
BRF:4
BRH:0
FNF:4
FNH:0
end_of_record
SF:C:\Programming\Ogmas\src\Ogmas\WeatherForecast.cs
FN:6,System.DateTime Ogmas.WeatherForecast::get_Date()
FNDA:0,System.DateTime Ogmas.WeatherForecast::get_Date()
DA:7,0
FN:8,System.Int32 Ogmas.WeatherForecast::get_TemperatureC()
FNDA:0,System.Int32 Ogmas.WeatherForecast::get_TemperatureC()
DA:9,0
FN:10,System.Int32 Ogmas.WeatherForecast::get_TemperatureF()
FNDA:0,System.Int32 Ogmas.WeatherForecast::get_TemperatureF()
DA:11,0
FN:12,System.String Ogmas.WeatherForecast::get_Summary()
FNDA:0,System.String Ogmas.WeatherForecast::get_Summary()
DA:13,0
LF:4
LH:0
BRF:0
BRH:0
FNF:4
FNH:0
end_of_record
SF:C:\Programming\Ogmas\src\Ogmas\Services\TestService.cs
FN:6,System.String Ogmas.Services.TestService::TestMethod()
FNDA:1,System.String Ogmas.Services.TestService::TestMethod()
DA:7,1
LF:1
LH:1
BRF:0
BRH:0
FNF:1
FNH:1
end_of_record
SF:C:\Programming\Ogmas\src\Ogmas\Pages\Error.cshtml.cs
FN:21,System.String Ogmas.Pages.ErrorModel::get_RequestId()
FNDA:0,System.String Ogmas.Pages.ErrorModel::get_RequestId()
DA:22,0
FN:23,System.Boolean Ogmas.Pages.ErrorModel::get_ShowRequestId()
FNDA:0,System.Boolean Ogmas.Pages.ErrorModel::get_ShowRequestId()
DA:24,0
FN:27,System.Void Ogmas.Pages.ErrorModel::OnGet()
FNDA:0,System.Void Ogmas.Pages.ErrorModel::OnGet()
DA:28,0
DA:29,0
BRDA:28,7,0,0
BRDA:28,7,1,0
BRDA:28,19,0,0
BRDA:28,19,1,0
FN:16,System.Void Ogmas.Pages.ErrorModel::.ctor(Microsoft.Extensions.Logging.ILogger`1<Ogmas.Pages.ErrorModel>)
FNDA:0,System.Void Ogmas.Pages.ErrorModel::.ctor(Microsoft.Extensions.Logging.ILogger`1<Ogmas.Pages.ErrorModel>)
DA:17,0
DA:19,0
DA:20,0
LF:7
LH:0
BRF:4
BRH:0
FNF:4
FNH:0
end_of_record
SF:C:\Programming\Ogmas\src\Ogmas\Controllers\WeatherForecastController.cs
FN:28,System.Collections.Generic.IEnumerable`1<Ogmas.WeatherForecast> Ogmas.Controllers.WeatherForecastController::Get()
FNDA:0,System.Collections.Generic.IEnumerable`1<Ogmas.WeatherForecast> Ogmas.Controllers.WeatherForecastController::Get()
DA:29,0
DA:30,0
DA:31,0
DA:32,0
DA:33,0
DA:34,0
DA:35,0
DA:36,0
FN:20,System.Void Ogmas.Controllers.WeatherForecastController::.ctor(Microsoft.Extensions.Logging.ILogger`1<Ogmas.Controllers.WeatherForecastController>)
FNDA:0,System.Void Ogmas.Controllers.WeatherForecastController::.ctor(Microsoft.Extensions.Logging.ILogger`1<Ogmas.Controllers.WeatherForecastController>)
DA:21,0
DA:23,0
DA:24,0
FN:13,System.Void Ogmas.Controllers.WeatherForecastController::.cctor()
FNDA:0,System.Void Ogmas.Controllers.WeatherForecastController::.cctor()
DA:14,0
DA:15,0
DA:16,0
DA:17,0
LF:15
LH:0
BRF:0
BRH:0
FNF:3
FNH:0
end_of_record
SF:C:\Programming\Ogmas\src\Ogmas\Pages\Error.cshtml
FN:3,System.Void Ogmas.Pages.Pages_Error/<ExecuteAsync>d__0::MoveNext()
FNDA:0,System.Void Ogmas.Pages.Pages_Error/<ExecuteAsync>d__0::MoveNext()
DA:4,0
DA:10,0
DA:13,0
BRDA:10,57,0,0
BRDA:10,57,1,0
LF:3
LH:0
BRF:2
BRH:0
FNF:1
FNH:0
end_of_record